<?xml version="1.0" encoding="UTF-8"?>
<!-- Generated by org.testng.reporters.JUnitReportReporter -->
<testsuite hostname="DESKTOP-KHAJIPG" failures="0" tests="2" name="Tests.DemoTest" time="0.375" errors="0" timestamp="2021-09-28T12:05:08 IST" skipped="0">
  <testcase classname="Tests.DemoTest" name="demoTest1" time="0.322"/>
  <system-out/>
  <testcase classname="Tests.DemoTest" name="demoTest2" time="0.053"/>
  <system-out/>
</testsuite> <!-- Tests.DemoTest -->
